


ARM Macro Assembler    Page 1 


    1 00000000         ; generated by ARM C/C++ Compiler, 5.03 [Build 76]
    2 00000000         ; commandline ArmCC [--debug -c -S -o.\port.s --depend=.
                       \port.d --cpu=Cortex-M3 --apcs=interwork -O0 -I..\CORTEX
                       _STM32F103_Keil -I..\bsp -I..\Libraries\STM32F10x_StdPer
                       iph_Driver\inc -I..\Libraries\STM32F10x_StdPeriph_Driver
                        -I..\FreeRTOS\Source\include -I..\FreeRTOS\Source\porta
                       ble\MemMang -I..\FreeRTOS\Source\portable\RVDS\ARM_CM3 -
                       I..\FreeRTOS\Common\include -I..\app -If:\Keil\ARM\RV31\
                       INC -If:\Keil\ARM\CMSIS\Include -IDevice\Include -D__MIC
                       ROLIB -DSTM32F10X_HD -DUSE_STDPERIPH_DRIVER -DRVDS_ARMCM
                       3_LM3S102 --omf_browse=.\port.crf ..\FreeRTOS\Source\por
                       table\RVDS\ARM_CM3\port.c]
    3 00000000                 THUMB
    4 00000000                 REQUIRE8
    5 00000000                 PRESERVE8
    6 00000000         
    7 00000000                 AREA             ||.text||, CODE, READONLY, ALIG
N=2
    8 00000000         
    9 00000000         prvTaskExitError
                               PROC
   10 00000000 F7FF FFFE       BL               ulPortSetInterruptMask
   11 00000004 BF00            NOP
   12 00000006         |L0.6|
   13 00000006 E7FE            B                |L0.6|
   14 00000008                 ENDP
   15 00000008         
   16 00000008         pxPortInitialiseStack
                               PROC
   17 00000008 1F00            SUBS             r0,r0,#4
   18 0000000A F04F 7380       MOV              r3,#0x1000000
   19 0000000E 6003            STR              r3,[r0,#0]
   20 00000010 1F00            SUBS             r0,r0,#4
   21 00000012 6001            STR              r1,[r0,#0]
   22 00000014 1F00            SUBS             r0,r0,#4
   23 00000016 4B2B            LDR              r3,|L0.196|
   24 00000018 6003            STR              r3,[r0,#0]
   25 0000001A 3814            SUBS             r0,r0,#0x14
   26 0000001C 6002            STR              r2,[r0,#0]
   27 0000001E 3820            SUBS             r0,r0,#0x20
   28 00000020 4770            BX               lr
   29 00000022                 ENDP
   30 00000022         
   31 00000022         vPortSetupTimerInterrupt
                               PROC
   32 00000022 4829            LDR              r0,|L0.200|
   33 00000024 F04F 21E0       MOV              r1,#0xe000e000
   34 00000028 6148            STR              r0,[r1,#0x14]
   35 0000002A 2007            MOVS             r0,#7
   36 0000002C 6108            STR              r0,[r1,#0x10]
   37 0000002E 4770            BX               lr
   38 00000030                 ENDP
   39 00000030         
   40 00000030         xPortStartScheduler
                               PROC
   41 00000030 B510            PUSH             {r4,lr}
   42 00000032 4826            LDR              r0,|L0.204|
   43 00000034 6800            LDR              r0,[r0,#0]
   44 00000036 F440 007F       ORR              r0,r0,#0xff0000



ARM Macro Assembler    Page 2 


   45 0000003A 4924            LDR              r1,|L0.204|
   46 0000003C 6008            STR              r0,[r1,#0]
   47 0000003E 4608            MOV              r0,r1
   48 00000040 6800            LDR              r0,[r0,#0]
   49 00000042 F040 407F       ORR              r0,r0,#0xff000000
   50 00000046 6008            STR              r0,[r1,#0]
   51 00000048 F7FF FFFE       BL               vPortSetupTimerInterrupt
   52 0000004C 2000            MOVS             r0,#0
   53 0000004E 4920            LDR              r1,|L0.208|
   54 00000050 6008            STR              r0,[r1,#0]  ; uxCriticalNesting
                                                            
   55 00000052 F7FF FFFE       BL               __asm___6_port_c_39a90d8d__prvS
tartFirstTask
   56 00000056 2000            MOVS             r0,#0
   57 00000058 BD10            POP              {r4,pc}
   58 0000005A                 ENDP
   59 0000005A         
   60 0000005A         vPortEndScheduler
                               PROC
   61 0000005A 4770            BX               lr
   62 0000005C                 ENDP
   63 0000005C         
   64 0000005C         vPortYield
                               PROC
   65 0000005C F04F 5080       MOV              r0,#0x10000000
   66 00000060 491A            LDR              r1,|L0.204|
   67 00000062 391C            SUBS             r1,r1,#0x1c
   68 00000064 6008            STR              r0,[r1,#0]
   69 00000066 F3BF 8F4F       DSB
   70 0000006A F3BF 8F6F       ISB
   71 0000006E 4770            BX               lr
   72 00000070                 ENDP
   73 00000070         
   74 00000070         vPortEnterCritical
                               PROC
   75 00000070 B510            PUSH             {r4,lr}
   76 00000072 F7FF FFFE       BL               ulPortSetInterruptMask
   77 00000076 4816            LDR              r0,|L0.208|
   78 00000078 6800            LDR              r0,[r0,#0]  ; uxCriticalNesting
                                                            
   79 0000007A 1C40            ADDS             r0,r0,#1
   80 0000007C 4914            LDR              r1,|L0.208|
   81 0000007E 6008            STR              r0,[r1,#0]  ; uxCriticalNesting
                                                            
   82 00000080 F3BF 8F4F       DSB
   83 00000084 F3BF 8F6F       ISB
   84 00000088 BD10            POP              {r4,pc}
   85 0000008A                 ENDP
   86 0000008A         
   87 0000008A         vPortExitCritical
                               PROC
   88 0000008A B510            PUSH             {r4,lr}
   89 0000008C 4810            LDR              r0,|L0.208|
   90 0000008E 6800            LDR              r0,[r0,#0]  ; uxCriticalNesting
                                                            
   91 00000090 1E40            SUBS             r0,r0,#1
   92 00000092 490F            LDR              r1,|L0.208|
   93 00000094 6008            STR              r0,[r1,#0]  ; uxCriticalNesting
                                                            



ARM Macro Assembler    Page 3 


   94 00000096 4608            MOV              r0,r1
   95 00000098 6800            LDR              r0,[r0,#0]  ; uxCriticalNesting
                                                            
   96 0000009A B910            CBNZ             r0,|L0.162|
   97 0000009C 2000            MOVS             r0,#0
   98 0000009E F7FF FFFE       BL               vPortClearInterruptMask
   99 000000A2         |L0.162|
  100 000000A2 BD10            POP              {r4,pc}
  101 000000A4                 ENDP
  102 000000A4         
  103 000000A4         xPortSysTickHandler
                               PROC
  104 000000A4 B510            PUSH             {r4,lr}
  105 000000A6 F7FF FFFE       BL               ulPortSetInterruptMask
  106 000000AA F7FF FFFE       BL               xTaskIncrementTick
  107 000000AE B120            CBZ              r0,|L0.186|
  108 000000B0 F04F 5080       MOV              r0,#0x10000000
  109 000000B4 4905            LDR              r1,|L0.204|
  110 000000B6 391C            SUBS             r1,r1,#0x1c
  111 000000B8 6008            STR              r0,[r1,#0]
  112 000000BA         |L0.186|
  113 000000BA 2000            MOVS             r0,#0
  114 000000BC F7FF FFFE       BL               vPortClearInterruptMask
  115 000000C0 BD10            POP              {r4,pc}
  116 000000C2                 ENDP
  117 000000C2         
  118 000000C2 00 00           DCW              0x0000
  119 000000C4         |L0.196|
  120 000000C4 00000000        DCD              prvTaskExitError
  121 000000C8         |L0.200|
  122 000000C8 0001193F        DCD              0x0001193f
  123 000000CC         |L0.204|
  124 000000CC E000ED20        DCD              0xe000ed20
  125 000000D0         |L0.208|
  126 000000D0 00000000        DCD              uxCriticalNesting
  127 000000D4         
  128 000000D4                 AREA             ||.arm_vfe_header||, DATA, READ
ONLY, NOALLOC, ALIGN=2
  129 00000000         
  130 00000000 00000000        DCD              0x00000000
  131 00000004         
  132 00000004                 AREA             ||.data||, DATA, ALIGN=2
  133 00000000         
  134 00000000         uxCriticalNesting
  135 00000000 AAAAAAAA        DCD              0xaaaaaaaa
  136 00000004         
  137 00000004         ;*** Start embedded assembler ***
  138 00000004         
  139 00000004         #line   1                "..\\FreeRTOS\\Source\\portable
\\RVDS\\ARM_CM3\\port.c"
    1 00000004                 AREA             ||.emb_text||, CODE, READONLY
    2 00000000                 THUMB
    3 00000000                 EXPORT           |vPortSVCHandler|
    4 00000000         #line   245
  245 00000000         |vPortSVCHandler|
                               PROC
  246 00000000         #line   246
  246 00000000         
  247 00000000                 PRESERVE8



ARM Macro Assembler    Page 4 


  248 00000000         
  249 00000000 4B20            ldr              r3, =pxCurrentTCB
  250 00000002 6819            ldr              r1, [r3]
  251 00000004 6808            ldr              r0, [r1]
  252 00000006 E8B0 0FF0       ldmia            r0!, {r4-r11}
  253 0000000A F380 8809       msr              psp, r0
  254 0000000E F3BF 8F6F       isb
  255 00000012 F04F 0000       mov              r0, #0
  256 00000016 F380 8811       msr              basepri, r0
  257 0000001A F04E 0E0D       orr              r14, #0xd
  258 0000001E 4770            bx               r14
  259 00000020                 ENDP
  260 00000020 00000000        AREA             ||.emb_text||, CODE, READONLY
  261 00000024                 THUMB
  262 00000024                 EXPORT           |__asm___6_port_c_39a90d8d__prv
StartFirstTask|
  263 00000024         #line   262
  262 00000024         |__asm___6_port_c_39a90d8d__prvStartFirstTask|
                               PROC
  263 00000024         #line   263
  263 00000024         
  264 00000024                 PRESERVE8
  265 00000024         
  266 00000024         
  267 00000024 4806            ldr              r0, =0xE000ED08
  268 00000026 6800            ldr              r0, [r0]
  269 00000028 6800            ldr              r0, [r0]
  270 0000002A         
  271 0000002A F380 8808       msr              msp, r0
  272 0000002E         
  273 0000002E B662            cpsie            i
  274 00000030 B661            cpsie            f
  275 00000032 F3BF 8F4F       dsb
  276 00000036 F3BF 8F6F       isb
  277 0000003A         
  278 0000003A DF00            svc              0
  279 0000003C BF00            nop
  280 0000003E BF00            nop
  281 00000040                 ENDP
  282 00000040 E000ED08        AREA             ||.emb_text||, CODE, READONLY
  283 00000044                 THUMB
  284 00000044                 EXPORT           |xPortPendSVHandler|
  285 00000044         #line   402
  402 00000044         |xPortPendSVHandler|
                               PROC
  403 00000044         #line   403
  403 00000044         
  404 00000044         
  405 00000044                 extern           pxCurrentTCB
  406 00000044                 extern           vTaskSwitchContext
  407 00000044         
  408 00000044                 PRESERVE8
  409 00000044         
  410 00000044 F3EF 8009       mrs              r0, psp
  411 00000048 F3BF 8F6F       isb
  412 0000004C         
  413 0000004C 4B0D            ldr              r3, =pxCurrentTCB
  414 0000004E 681A            ldr              r2, [r3]
  415 00000050         



ARM Macro Assembler    Page 5 


  416 00000050 E920 0FF0       stmdb            r0!, {r4-r11}
  417 00000054 6010            str              r0, [r2]
  418 00000056         
  419 00000056 B508            stmdb            sp!, {r3, r14}
  420 00000058 F04F 00BF       mov              r0, #191
  421 0000005C F380 8811       msr              basepri, r0
  422 00000060 F7FF FFFE       bl               vTaskSwitchContext
  423 00000064 F04F 0000       mov              r0, #0
  424 00000068 F380 8811       msr              basepri, r0
  425 0000006C E8BD 4008       ldmia            sp!, {r3, r14}
  426 00000070         
  427 00000070 6819            ldr              r1, [r3]
  428 00000072 6808            ldr              r0, [r1]
  429 00000074 E8B0 0FF0       ldmia            r0!, {r4-r11}
  430 00000078 F380 8809       msr              psp, r0
  431 0000007C F3BF 8F6F       isb
  432 00000080 4770            bx               r14
  433 00000082 BF00            nop
  434 00000084                 ENDP
  435 00000084 00000000        AREA             ||.emb_text||, CODE, READONLY
  436 00000088                 THUMB
  437 00000088                 EXPORT           |ulPortSetInterruptMask|
  438 00000088         #line   635
  635 00000088         |ulPortSetInterruptMask|
                               PROC
  636 00000088         #line   636
  636 00000088         
  637 00000088                 PRESERVE8
  638 00000088         
  639 00000088 F3EF 8011       mrs              r0, basepri
  640 0000008C F04F 01BF       mov              r1, #191
  641 00000090 F381 8811       msr              basepri, r1
  642 00000094 4770            bx               r14
  643 00000096                 ENDP
  644 00000096                 AREA             ||.emb_text||, CODE, READONLY
  645 00000096                 THUMB
  646 00000096                 EXPORT           |vPortClearInterruptMask|
  647 00000096         #line   646
  646 00000096         |vPortClearInterruptMask|
                               PROC
  647 00000096         #line   647
  647 00000096         
  648 00000096                 PRESERVE8
  649 00000096         
  650 00000096 F380 8811       msr              basepri, r0
  651 0000009A 4770            bx               r14
  652 0000009C                 ENDP
  653 0000009C                 AREA             ||.emb_text||, CODE, READONLY
  654 0000009C                 THUMB
  655 0000009C                 EXPORT           |vPortGetIPSR|
  656 0000009C         #line   655
  655 0000009C         |vPortGetIPSR|
                               PROC
  656 0000009C         #line   656
  656 0000009C         
  657 0000009C                 PRESERVE8
  658 0000009C         
  659 0000009C F3EF 8005       mrs              r0, ipsr
  660 000000A0 4770            bx               r14



ARM Macro Assembler    Page 6 


  661 000000A2                 ENDP
  662 000000A2         
  663 000000A2         ;*** End   embedded assembler ***
  664 000000A2         
  665 000000A2                 EXPORT           pxPortInitialiseStack [CODE]
  666 000000A2                 EXPORT           vPortSetupTimerInterrupt [CODE]
  667 000000A2                 EXPORT           xPortStartScheduler [CODE]
  668 000000A2                 EXPORT           vPortEndScheduler [CODE]
  669 000000A2                 EXPORT           vPortYield [CODE]
  670 000000A2                 EXPORT           vPortEnterCritical [CODE]
  671 000000A2                 EXPORT           vPortExitCritical [CODE]
  672 000000A2                 EXPORT           xPortSysTickHandler [CODE]
  673 000000A2         
  674 000000A2                 IMPORT           ||Lib$$Request$$armlib|| [CODE,
WEAK]
  675 000000A2                 IMPORT           xTaskIncrementTick [CODE]
  676 000000A2         
  677 000000A2                 KEEP             prvTaskExitError
  678 000000A2                 KEEP             uxCriticalNesting
  679 000000A2         
  680 000000A2                 ATTR             FILESCOPE
  681 000000A2                 ATTR             SETVALUE Tag_ABI_PCS_wchar_t,2
  682 000000A2                 ATTR             SETVALUE Tag_ABI_enum_size,1
  683 000000A2                 ATTR             SETVALUE Tag_ABI_optimization_g
oals,6
  684 000000A2                 ATTR             SETSTRING Tag_conformance,"2.06
"
  685 000000A2                 ATTR             SETVALUE AV,18,1
  686 000000A2         
  687 000000A2                 ASSERT           {ENDIAN} = "little"
  688 000000A2                 ASSERT           {INTER} = {TRUE}
  689 000000A2                 ASSERT           {ROPI} = {FALSE}
  690 000000A2                 ASSERT           {RWPI} = {FALSE}
  691 000000A2                 ASSERT           {IEEE_FULL} = {FALSE}
  692 000000A2                 ASSERT           {IEEE_PART} = {FALSE}
  693 000000A2                 ASSERT           {IEEE_JAVA} = {FALSE}
  694 000000A2                 END
Command Line: --debug --xref --cpu=Cortex-M3 --apcs=interwork -o.\port.o -If:\K
eil\ARM\RV31\INC -If:\Keil\ARM\CMSIS\Include -IDevice\Include --predefine="__MI
CROLIB SETA 1" --list=.\port.lst .\port.s



ARM Macro Assembler    Page 1 Alphabetic symbol ordering
Relocatable symbols

L0.162 000000A2

Symbol: L0.162
   Definitions
      At line 99 in file .\port.s
   Uses
      At line 96 in file .\port.s
Comment: L0.162 used once
L0.186 000000BA

Symbol: L0.186
   Definitions
      At line 112 in file .\port.s
   Uses
      At line 107 in file .\port.s
Comment: L0.186 used once
L0.196 000000C4

Symbol: L0.196
   Definitions
      At line 119 in file .\port.s
   Uses
      At line 23 in file .\port.s
Comment: L0.196 used once
L0.200 000000C8

Symbol: L0.200
   Definitions
      At line 121 in file .\port.s
   Uses
      At line 32 in file .\port.s
Comment: L0.200 used once
L0.204 000000CC

Symbol: L0.204
   Definitions
      At line 123 in file .\port.s
   Uses
      At line 42 in file .\port.s
      At line 45 in file .\port.s
      At line 66 in file .\port.s
      At line 109 in file .\port.s

L0.208 000000D0

Symbol: L0.208
   Definitions
      At line 125 in file .\port.s
   Uses
      At line 53 in file .\port.s
      At line 77 in file .\port.s
      At line 80 in file .\port.s
      At line 89 in file .\port.s
      At line 92 in file .\port.s

L0.6 00000006

Symbol: L0.6
   Definitions



ARM Macro Assembler    Page 2 Alphabetic symbol ordering
Relocatable symbols

      At line 12 in file .\port.s
   Uses
      At line 13 in file .\port.s
Comment: L0.6 used once
prvTaskExitError 00000000

Symbol: prvTaskExitError
   Definitions
      At line 9 in file .\port.s
   Uses
      At line 120 in file .\port.s
      At line 677 in file ..\\FreeRTOS\\Source\\portable\\RVDS\\ARM_CM3\\port.c

pxPortInitialiseStack 00000008

Symbol: pxPortInitialiseStack
   Definitions
      At line 16 in file .\port.s
   Uses
      At line 665 in file ..\\FreeRTOS\\Source\\portable\\RVDS\\ARM_CM3\\port.c
Comment: pxPortInitialiseStack used once
vPortEndScheduler 0000005A

Symbol: vPortEndScheduler
   Definitions
      At line 60 in file .\port.s
   Uses
      At line 668 in file ..\\FreeRTOS\\Source\\portable\\RVDS\\ARM_CM3\\port.c
Comment: vPortEndScheduler used once
vPortEnterCritical 00000070

Symbol: vPortEnterCritical
   Definitions
      At line 74 in file .\port.s
   Uses
      At line 670 in file ..\\FreeRTOS\\Source\\portable\\RVDS\\ARM_CM3\\port.c
Comment: vPortEnterCritical used once
vPortExitCritical 0000008A

Symbol: vPortExitCritical
   Definitions
      At line 87 in file .\port.s
   Uses
      At line 671 in file ..\\FreeRTOS\\Source\\portable\\RVDS\\ARM_CM3\\port.c
Comment: vPortExitCritical used once
vPortSetupTimerInterrupt 00000022

Symbol: vPortSetupTimerInterrupt
   Definitions
      At line 31 in file .\port.s
   Uses
      At line 51 in file .\port.s
      At line 666 in file ..\\FreeRTOS\\Source\\portable\\RVDS\\ARM_CM3\\port.c

vPortYield 0000005C

Symbol: vPortYield
   Definitions
      At line 64 in file .\port.s



ARM Macro Assembler    Page 3 Alphabetic symbol ordering
Relocatable symbols

   Uses
      At line 669 in file ..\\FreeRTOS\\Source\\portable\\RVDS\\ARM_CM3\\port.c
Comment: vPortYield used once
xPortStartScheduler 00000030

Symbol: xPortStartScheduler
   Definitions
      At line 40 in file .\port.s
   Uses
      At line 667 in file ..\\FreeRTOS\\Source\\portable\\RVDS\\ARM_CM3\\port.c
Comment: xPortStartScheduler used once
xPortSysTickHandler 000000A4

Symbol: xPortSysTickHandler
   Definitions
      At line 103 in file .\port.s
   Uses
      At line 672 in file ..\\FreeRTOS\\Source\\portable\\RVDS\\ARM_CM3\\port.c
Comment: xPortSysTickHandler used once
|.text| 00000000

Symbol: |.text|
   Definitions
      At line 7 in file .\port.s
   Uses
      None
Comment: |.text| unused
17 symbols



ARM Macro Assembler    Page 1 Alphabetic symbol ordering
Relocatable symbols

|.arm_vfe_header| 00000000

Symbol: |.arm_vfe_header|
   Definitions
      At line 128 in file .\port.s
   Uses
      None
Comment: |.arm_vfe_header| unused
1 symbol



ARM Macro Assembler    Page 1 Alphabetic symbol ordering
Relocatable symbols

uxCriticalNesting 00000000

Symbol: uxCriticalNesting
   Definitions
      At line 134 in file .\port.s
   Uses
      At line 126 in file .\port.s
      At line 678 in file ..\\FreeRTOS\\Source\\portable\\RVDS\\ARM_CM3\\port.c

|.data| 00000000

Symbol: |.data|
   Definitions
      At line 132 in file .\port.s
   Uses
      None
Comment: |.data| unused
2 symbols



ARM Macro Assembler    Page 1 Alphabetic symbol ordering
Relocatable symbols

__asm___6_port_c_39a90d8d__prvStartFirstTask 00000024

Symbol: __asm___6_port_c_39a90d8d__prvStartFirstTask
   Definitions
      At line 262 in file ..\\FreeRTOS\\Source\\portable\\RVDS\\ARM_CM3\\port.c
   Uses
      At line 55 in file .\port.s
      At line 262 in file ..\\FreeRTOS\\Source\\portable\\RVDS\\ARM_CM3\\port.c

ulPortSetInterruptMask 00000088

Symbol: ulPortSetInterruptMask
   Definitions
      At line 635 in file ..\\FreeRTOS\\Source\\portable\\RVDS\\ARM_CM3\\port.c
   Uses
      At line 10 in file .\port.s
      At line 76 in file .\port.s
      At line 105 in file .\port.s
      At line 437 in file ..\\FreeRTOS\\Source\\portable\\RVDS\\ARM_CM3\\port.c

vPortClearInterruptMask 00000096

Symbol: vPortClearInterruptMask
   Definitions
      At line 646 in file ..\\FreeRTOS\\Source\\portable\\RVDS\\ARM_CM3\\port.c
   Uses
      At line 98 in file .\port.s
      At line 114 in file .\port.s
      At line 646 in file ..\\FreeRTOS\\Source\\portable\\RVDS\\ARM_CM3\\port.c

vPortGetIPSR 0000009C

Symbol: vPortGetIPSR
   Definitions
      At line 655 in file ..\\FreeRTOS\\Source\\portable\\RVDS\\ARM_CM3\\port.c
   Uses
      At line 655 in file ..\\FreeRTOS\\Source\\portable\\RVDS\\ARM_CM3\\port.c
Comment: vPortGetIPSR used once
vPortSVCHandler 00000000

Symbol: vPortSVCHandler
   Definitions
      At line 245 in file ..\\FreeRTOS\\Source\\portable\\RVDS\\ARM_CM3\\port.c
   Uses
      At line 3 in file ..\\FreeRTOS\\Source\\portable\\RVDS\\ARM_CM3\\port.c
Comment: vPortSVCHandler used once
xPortPendSVHandler 00000044

Symbol: xPortPendSVHandler
   Definitions
      At line 402 in file ..\\FreeRTOS\\Source\\portable\\RVDS\\ARM_CM3\\port.c
   Uses
      At line 284 in file ..\\FreeRTOS\\Source\\portable\\RVDS\\ARM_CM3\\port.c
Comment: xPortPendSVHandler used once
|.emb_text| 00000000

Symbol: |.emb_text|
   Definitions
      At line 1 in file ..\\FreeRTOS\\Source\\portable\\RVDS\\ARM_CM3\\port.c



ARM Macro Assembler    Page 2 Alphabetic symbol ordering
Relocatable symbols

   Uses
      None
Comment: |.emb_text| unused
7 symbols



ARM Macro Assembler    Page 1 Alphabetic symbol ordering
External symbols

pxCurrentTCB 00000000

Symbol: pxCurrentTCB
   Definitions
      At line 405 in file ..\\FreeRTOS\\Source\\portable\\RVDS\\ARM_CM3\\port.c
   Uses
      At line 249 in file ..\\FreeRTOS\\Source\\portable\\RVDS\\ARM_CM3\\port.c
      At line 413 in file ..\\FreeRTOS\\Source\\portable\\RVDS\\ARM_CM3\\port.c

vTaskSwitchContext 00000000

Symbol: vTaskSwitchContext
   Definitions
      At line 406 in file ..\\FreeRTOS\\Source\\portable\\RVDS\\ARM_CM3\\port.c
   Uses
      At line 422 in file ..\\FreeRTOS\\Source\\portable\\RVDS\\ARM_CM3\\port.c
Comment: vTaskSwitchContext used once
xTaskIncrementTick 00000000

Symbol: xTaskIncrementTick
   Definitions
      At line 675 in file ..\\FreeRTOS\\Source\\portable\\RVDS\\ARM_CM3\\port.c
   Uses
      At line 106 in file .\port.s
Comment: xTaskIncrementTick used once
|Lib$$Request$$armlib| 00000000

Symbol: |Lib$$Request$$armlib|
   Definitions
      At line 674 in file ..\\FreeRTOS\\Source\\portable\\RVDS\\ARM_CM3\\port.c
   Uses
      None
Comment: |Lib$$Request$$armlib| unused
4 symbols
368 symbols in table
